<?xml version="1.0" encoding="UTF-8"?>
<!-- Generated by org.testng.reporters.JUnitXMLReporter -->
<testsuite hostname="NZNCGUVCPXQM2UF" ignored="0" name="Default test" tests="3" failures="0" timestamp="02 十二月 2019 14:43:59 GMT" time="0.022" errors="0">
  <testcase name="test1" time="0.005" classname="factoryDemo.NewTest"/>
  <testcase name="test11" time="0.001" classname="factoryDemo.NewTest"/>
  <testcase name="test2" time="0.001" classname="factoryDemo.NewTest"/>
</testsuite> <!-- Default test -->
