<?xml version="1.0" encoding="UTF-8"?>
<testng-results skipped="0" failed="0" ignored="0" total="13" passed="13">
  <reporter-output>
  </reporter-output>
  <suite name="Suite" duration-ms="44" started-at="2019-12-01T10:44:17Z" finished-at="2019-12-01T10:44:17Z">
    <groups>
    </groups>
    <test name="Test" duration-ms="44" started-at="2019-12-01T10:44:17Z" finished-at="2019-12-01T10:44:17Z">
      <class name="practice.First">
        <test-method status="PASS" signature="setUp()[pri:0, instance:practice.First@6f195bc3]" name="setUp" is-config="true" duration-ms="1" started-at="2019-12-01T10:44:17Z" finished-at="2019-12-01T10:44:17Z">
          <reporter-output>
          </reporter-output>
        </test-method> <!-- setUp -->
        <test-method status="PASS" signature="test2()[pri:0, instance:practice.First@6f195bc3]" name="test2" duration-ms="0" started-at="2019-12-01T10:44:17Z" finished-at="2019-12-01T10:44:17Z">
          <reporter-output>
          </reporter-output>
        </test-method> <!-- test2 -->
        <test-method status="PASS" signature="test3()[pri:0, instance:practice.First@6f195bc3]" name="test3" duration-ms="1" started-at="2019-12-01T10:44:17Z" finished-at="2019-12-01T10:44:17Z">
          <reporter-output>
          </reporter-output>
        </test-method> <!-- test3 -->
        <test-method status="PASS" signature="tearDown()[pri:0, instance:practice.First@6f195bc3]" name="tearDown" is-config="true" duration-ms="0" started-at="2019-12-01T10:44:17Z" finished-at="2019-12-01T10:44:17Z">
          <reporter-output>
          </reporter-output>
        </test-method> <!-- tearDown -->
      </class> <!-- practice.First -->
      <class name="practice.WebTest">
        <test-method status="PASS" signature="testServer()[pri:0, instance:practice.WebTest@7a187f14]" name="testServer" duration-ms="7" started-at="2019-12-01T10:44:17Z" finished-at="2019-12-01T10:44:17Z">
          <reporter-output>
          </reporter-output>
        </test-method> <!-- testServer -->
      </class> <!-- practice.WebTest -->
      <class name="practice.PracticeFactory">
        <test-method status="PASS" signature="a555()[pri:0, instance:practice.PracticeFactory@2f943d71]" name="a555" duration-ms="1" started-at="2019-12-01T10:44:17Z" finished-at="2019-12-01T10:44:17Z">
          <reporter-output>
          </reporter-output>
        </test-method> <!-- a555 -->
        <test-method status="PASS" signature="a555()[pri:0, instance:practice.PracticeFactory@4b553d26]" name="a555" duration-ms="1" started-at="2019-12-01T10:44:17Z" finished-at="2019-12-01T10:44:17Z">
          <reporter-output>
          </reporter-output>
        </test-method> <!-- a555 -->
        <test-method status="PASS" signature="a555()[pri:0, instance:practice.PracticeFactory@69a3d1d]" name="a555" duration-ms="1" started-at="2019-12-01T10:44:17Z" finished-at="2019-12-01T10:44:17Z">
          <reporter-output>
          </reporter-output>
        </test-method> <!-- a555 -->
        <test-method status="PASS" signature="a555()[pri:0, instance:practice.PracticeFactory@80503]" name="a555" duration-ms="1" started-at="2019-12-01T10:44:17Z" finished-at="2019-12-01T10:44:17Z">
          <reporter-output>
          </reporter-output>
        </test-method> <!-- a555 -->
        <test-method status="PASS" signature="a555()[pri:0, instance:practice.PracticeFactory@bd8db5a]" name="a555" duration-ms="0" started-at="2019-12-01T10:44:17Z" finished-at="2019-12-01T10:44:17Z">
          <reporter-output>
          </reporter-output>
        </test-method> <!-- a555 -->
        <test-method status="PASS" signature="b555()[pri:0, instance:practice.PracticeFactory@2f943d71]" name="b555" duration-ms="0" started-at="2019-12-01T10:44:17Z" finished-at="2019-12-01T10:44:17Z">
          <reporter-output>
          </reporter-output>
        </test-method> <!-- b555 -->
        <test-method status="PASS" signature="b555()[pri:0, instance:practice.PracticeFactory@4b553d26]" name="b555" duration-ms="1" started-at="2019-12-01T10:44:17Z" finished-at="2019-12-01T10:44:17Z">
          <reporter-output>
          </reporter-output>
        </test-method> <!-- b555 -->
        <test-method status="PASS" signature="b555()[pri:0, instance:practice.PracticeFactory@69a3d1d]" name="b555" duration-ms="0" started-at="2019-12-01T10:44:17Z" finished-at="2019-12-01T10:44:17Z">
          <reporter-output>
          </reporter-output>
        </test-method> <!-- b555 -->
        <test-method status="PASS" signature="b555()[pri:0, instance:practice.PracticeFactory@80503]" name="b555" duration-ms="1" started-at="2019-12-01T10:44:17Z" finished-at="2019-12-01T10:44:17Z">
          <reporter-output>
          </reporter-output>
        </test-method> <!-- b555 -->
        <test-method status="PASS" signature="b555()[pri:0, instance:practice.PracticeFactory@bd8db5a]" name="b555" duration-ms="1" started-at="2019-12-01T10:44:17Z" finished-at="2019-12-01T10:44:17Z">
          <reporter-output>
          </reporter-output>
        </test-method> <!-- b555 -->
      </class> <!-- practice.PracticeFactory -->
    </test> <!-- Test -->
  </suite> <!-- Suite -->
</testng-results>
