<?xml version="1.0" encoding="UTF-8"?>
<!-- Generated by org.testng.reporters.JUnitXMLReporter -->
<testsuite hostname="NZNCGUVCPXQM2UF" ignored="0" name="T2" tests="5" failures="0" timestamp="27 十一月 2019 16:18:27 GMT" time="0.009" errors="0">
  <testcase name="a555" time="0.001" classname="factoryDemo.FactoryTest"/>
  <testcase name="a555" time="0.001" classname="factoryDemo.FactoryTest"/>
  <testcase name="a555" time="0.001" classname="factoryDemo.FactoryTest"/>
  <testcase name="a555" time="0.001" classname="factoryDemo.FactoryTest"/>
  <testcase name="a555" time="0.001" classname="factoryDemo.FactoryTest"/>
</testsuite> <!-- T2 -->
