<?xml version="1.0" encoding="UTF-8"?>
<!-- Generated by org.testng.reporters.JUnitXMLReporter -->
<testsuite hostname="NZNCGUVCPXQM2UF" ignored="0" name="zrong" tests="11" failures="0" timestamp="28 十一月 2019 15:50:34 GMT" time="0.037" errors="0">
  <testcase name="testServer" time="0.006" classname="practice.WebTest"/>
  <testcase name="a555" time="0.001" classname="practice.PracticeFactory"/>
  <testcase name="a555" time="0.001" classname="practice.PracticeFactory"/>
  <testcase name="a555" time="0.0" classname="practice.PracticeFactory"/>
  <testcase name="a555" time="0.001" classname="practice.PracticeFactory"/>
  <testcase name="a555" time="0.001" classname="practice.PracticeFactory"/>
  <testcase name="b555" time="0.001" classname="practice.PracticeFactory"/>
  <testcase name="b555" time="0.001" classname="practice.PracticeFactory"/>
  <testcase name="b555" time="0.002" classname="practice.PracticeFactory"/>
  <testcase name="b555" time="0.001" classname="practice.PracticeFactory"/>
  <testcase name="b555" time="0.001" classname="practice.PracticeFactory"/>
</testsuite> <!-- zrong -->
