<?xml version="1.0" encoding="UTF-8"?>
<!-- Generated by org.testng.reporters.JUnitXMLReporter -->
<testsuite hostname="NZNCGUVCPXQM2UF" ignored="0" name="Test" tests="13" failures="0" timestamp="01 十二月 2019 10:44:17 GMT" time="0.044" errors="0">
  <testcase name="testServer" time="0.007" classname="practice.WebTest"/>
  <testcase name="a555" time="0.001" classname="practice.PracticeFactory"/>
  <testcase name="a555" time="0.001" classname="practice.PracticeFactory"/>
  <testcase name="a555" time="0.001" classname="practice.PracticeFactory"/>
  <testcase name="a555" time="0.001" classname="practice.PracticeFactory"/>
  <testcase name="a555" time="0.0" classname="practice.PracticeFactory"/>
  <testcase name="b555" time="0.0" classname="practice.PracticeFactory"/>
  <testcase name="b555" time="0.001" classname="practice.PracticeFactory"/>
  <testcase name="b555" time="0.0" classname="practice.PracticeFactory"/>
  <testcase name="b555" time="0.001" classname="practice.PracticeFactory"/>
  <testcase name="b555" time="0.001" classname="practice.PracticeFactory"/>
  <testcase name="test2" time="0.0" classname="practice.First"/>
  <testcase name="test3" time="0.001" classname="practice.First"/>
</testsuite> <!-- Test -->
