<?xml version="1.0" encoding="UTF-8"?>
<testng-results skipped="0" failed="0" ignored="0" total="2" passed="2">
  <reporter-output>
  </reporter-output>
  <suite name="Suite" duration-ms="22" started-at="2019-11-29T11:00:56Z" finished-at="2019-11-29T11:00:56Z">
    <groups>
    </groups>
    <test name="Test" duration-ms="22" started-at="2019-11-29T11:00:56Z" finished-at="2019-11-29T11:00:56Z">
      <class name="practice.First">
        <test-method status="PASS" signature="setUp()[pri:0, instance:practice.First@34cd072c]" name="setUp" is-config="true" duration-ms="6" started-at="2019-11-29T11:00:56Z" finished-at="2019-11-29T11:00:56Z">
          <reporter-output>
          </reporter-output>
        </test-method> <!-- setUp -->
        <test-method status="PASS" signature="test2()[pri:0, instance:practice.First@34cd072c]" name="test2" duration-ms="3" started-at="2019-11-29T11:00:56Z" finished-at="2019-11-29T11:00:56Z">
          <reporter-output>
          </reporter-output>
        </test-method> <!-- test2 -->
        <test-method status="PASS" signature="test3()[pri:0, instance:practice.First@34cd072c]" name="test3" duration-ms="1" started-at="2019-11-29T11:00:56Z" finished-at="2019-11-29T11:00:56Z">
          <reporter-output>
          </reporter-output>
        </test-method> <!-- test3 -->
        <test-method status="PASS" signature="tearDown()[pri:0, instance:practice.First@34cd072c]" name="tearDown" is-config="true" duration-ms="0" started-at="2019-11-29T11:00:56Z" finished-at="2019-11-29T11:00:56Z">
          <reporter-output>
          </reporter-output>
        </test-method> <!-- tearDown -->
      </class> <!-- practice.First -->
    </test> <!-- Test -->
  </suite> <!-- Suite -->
</testng-results>
